#
# A fatal error has been detected by the Java Runtime Environment:
#
#  EXCEPTION_ACCESS_VIOLATION (0xc0000005) at pc=0x00007ffadcc4ea49, pid=3456, tid=0x0000000000002f3c
#
# JRE version: Java(TM) SE Runtime Environment (8.0_144-b01) (build 1.8.0_144-b01)
# Java VM: Java HotSpot(TM) 64-Bit Server VM (25.144-b01 mixed mode windows-amd64 compressed oops)
# Problematic frame:
# C  [lwjgl_opengl.dll+0xea49]
#
# Failed to write core dump. Minidumps are not enabled by default on client versions of Windows
#
# If you would like to submit a bug report, please visit:
#   http://bugreport.java.com/bugreport/crash.jsp
# The crash happened outside the Java Virtual Machine in native code.
# See problematic frame for where to report the bug.
#

---------------  T H R E A D  ---------------

Current thread (0x000000001fd32800):  JavaThread "Game" [_thread_in_native, id=12092, stack(0x00000000203c0000,0x00000000204c0000)]

siginfo: ExceptionCode=0xc0000005, reading address 0x00000000000003b0

Registers:
RAX=0x0000000062e21d50, RBX=0x000000001ca0ea38, RCX=0x0000000000000000, RDX=0x00000000204bef38
RSP=0x00000000204bee98, RBP=0x00000000204bef28, RSI=0x0000000000000480, RDI=0x00000000034a835d
R8 =0x0000000000000006, R9 =0x000000001efca6a0, R10=0x00000000034b7f48, R11=0x00000000628abc50
R12=0x0000000000000000, R13=0x000000001ca0ea30, R14=0x00000000204bef60, R15=0x000000001fd32800
RIP=0x00007ffadcc4ea49, EFLAGS=0x0000000000010202

Top of Stack: (sp=0x00000000204bee98)
0x00000000204bee98:   00000000034b7f74 0000000000000480
0x00000000204beea8:   00000000034a835d 00000000034a835d
0x00000000204beeb8:   00000000034b7ceb 000000003f800000
0x00000000204beec8:   000000003f800000 0000000000000480
0x00000000204beed8:   000000001fd32800 00000000034b7ca2
0x00000000204beee8:   00000000204beee8 000000001ca0ea30
0x00000000204beef8:   00000000204bef60 000000001ca387d0
0x00000000204bef08:   0000000000000000 000000001ca0ea38
0x00000000204bef18:   0000000000000000 00000000204bef48
0x00000000204bef28:   00000000204befa8 00000000034a835d
0x00000000204bef38:   000000076bcedbb0 00000000034b19d8
0x00000000204bef48:   00007ffa3f800000 000000003f800000
0x00000000204bef58:   000000003f800000 000000073f800000
0x00000000204bef68:   00000000204bef68 000000001c920957
0x00000000204bef78:   00000000204befc0 000000001c922028
0x00000000204bef88:   0000000000000000 000000001c9209a8 

Instructions: (pc=0x00007ffadcc4ea49)
0x00007ffadcc4ea29:   48 ff a1 78 03 00 00 48 8b 01 0f 28 cb f3 0f 10
0x00007ffadcc4ea39:   5c 24 30 0f 28 c2 f3 0f 10 54 24 28 48 8b 48 18
0x00007ffadcc4ea49:   48 ff a1 b0 03 00 00 48 8b 01 0f 28 c2 48 8b 48
0x00007ffadcc4ea59:   18 48 ff a1 c8 03 00 00 cc cc cc cc cc cc cc cc 


Register to memory mapping:

RAX=0x0000000062e21d50 is an unknown value
RBX={method} {0x000000001ca0ea40} 'glClearColor' '(FFFF)V' in 'org/lwjgl/opengl/GL11'
RCX=0x0000000000000000 is an unknown value
RDX=0x00000000204bef38 is pointing into the stack for thread: 0x000000001fd32800
RSP=0x00000000204bee98 is pointing into the stack for thread: 0x000000001fd32800
RBP=0x00000000204bef28 is pointing into the stack for thread: 0x000000001fd32800
RSI=0x0000000000000480 is an unknown value
RDI=0x00000000034a835d is at code_begin+2301 in an Interpreter codelet
invoke return entry points  [0x00000000034a7a60, 0x00000000034a8440]  2528 bytes
R8 =0x0000000000000006 is an unknown value
R9 =0x000000001efca6a0 is an unknown value
R10=0x00000000034b7f48 is at code_begin+840 in an Interpreter codelet
method entry point (kind = native)  [0x00000000034b7c00, 0x00000000034b8560]  2400 bytes
R11=0x00000000628abc50 is an unknown value
R12=0x0000000000000000 is an unknown value
R13=0x000000001ca0ea30 is pointing into metadata
R14=0x00000000204bef60 is pointing into the stack for thread: 0x000000001fd32800
R15=0x000000001fd32800 is a thread


Stack: [0x00000000203c0000,0x00000000204c0000],  sp=0x00000000204bee98,  free space=1019k
Native frames: (J=compiled Java code, j=interpreted, Vv=VM code, C=native code)
C  [lwjgl_opengl.dll+0xea49]

Java frames: (J=compiled Java code, j=interpreted, Vv=VM code)
j  org.lwjgl.opengl.GL11.glClearColor(FFFF)V+0
j  com.jw.flappy.Main.init()V+111
j  com.jw.flappy.Main.run()V+1
j  java.lang.Thread.run()V+11
v  ~StubRoutines::call_stub

---------------  P R O C E S S  ---------------

Java Threads: ( => current thread )
  0x00000000033a3800 JavaThread "DestroyJavaVM" [_thread_blocked, id=20428, stack(0x0000000003200000,0x0000000003300000)]
=>0x000000001fd32800 JavaThread "Game" [_thread_in_native, id=12092, stack(0x00000000203c0000,0x00000000204c0000)]
  0x000000001eef3800 JavaThread "Service Thread" daemon [_thread_blocked, id=12600, stack(0x000000001f9c0000,0x000000001fac0000)]
  0x000000001ee66800 JavaThread "C1 CompilerThread3" daemon [_thread_blocked, id=5272, stack(0x000000001f8c0000,0x000000001f9c0000)]
  0x000000001ee06000 JavaThread "C2 CompilerThread2" daemon [_thread_blocked, id=12008, stack(0x000000001f7c0000,0x000000001f8c0000)]
  0x000000001ee04800 JavaThread "C2 CompilerThread1" daemon [_thread_blocked, id=6292, stack(0x000000001f6c0000,0x000000001f7c0000)]
  0x000000001ee01800 JavaThread "C2 CompilerThread0" daemon [_thread_blocked, id=11548, stack(0x000000001f5c0000,0x000000001f6c0000)]
  0x000000001ee56000 JavaThread "Attach Listener" daemon [_thread_blocked, id=20160, stack(0x000000001f4c0000,0x000000001f5c0000)]
  0x000000001ee55800 JavaThread "Signal Dispatcher" daemon [_thread_blocked, id=3544, stack(0x000000001f3c0000,0x000000001f4c0000)]
  0x000000001edf0800 JavaThread "Finalizer" daemon [_thread_blocked, id=11684, stack(0x000000001f1d0000,0x000000001f2d0000)]
  0x0000000003499800 JavaThread "Reference Handler" daemon [_thread_blocked, id=1284, stack(0x000000001ecd0000,0x000000001edd0000)]

Other Threads:
  0x000000001cf09000 VMThread [stack: 0x000000001ebd0000,0x000000001ecd0000] [id=17288]
  0x000000001ef63800 WatcherThread [stack: 0x000000001fac0000,0x000000001fbc0000] [id=12072]

VM state:not at safepoint (normal execution)

VM Mutex/Monitor currently owned by a thread: None

Heap:
 PSYoungGen      total 76288K, used 13195K [0x000000076b100000, 0x0000000770600000, 0x00000007c0000000)
  eden space 65536K, 20% used [0x000000076b100000,0x000000076bde2ea8,0x000000076f100000)
  from space 10752K, 0% used [0x000000076fb80000,0x000000076fb80000,0x0000000770600000)
  to   space 10752K, 0% used [0x000000076f100000,0x000000076f100000,0x000000076fb80000)
 ParOldGen       total 175104K, used 0K [0x00000006c1200000, 0x00000006cbd00000, 0x000000076b100000)
  object space 175104K, 0% used [0x00000006c1200000,0x00000006c1200000,0x00000006cbd00000)
 Metaspace       used 5810K, capacity 6038K, committed 6144K, reserved 1056768K
  class space    used 617K, capacity 705K, committed 768K, reserved 1048576K

Card table byte_map: [0x0000000012860000,0x0000000013060000] byte_map_base: 0x000000000f257000

Marking Bits: (ParMarkBitMap*) 0x0000000062e9d850
 Begin Bits: [0x0000000013db0000, 0x0000000017d68000)
 End Bits:   [0x0000000017d68000, 0x000000001bd20000)

Polling page: 0x00000000017c0000

CodeCache: size=245760Kb used=2678Kb max_used=2689Kb free=243081Kb
 bounds [0x00000000034a0000, 0x0000000003750000, 0x00000000124a0000]
 total_blobs=1256 nmethods=548 adapters=621
 compilation: enabled

Compilation events (10 events):
Event: 1.379 Thread 0x000000001ee66800  544       3       sun.misc.URLClassPath::access$100 (7 bytes)
Event: 1.379 Thread 0x000000001ee66800 nmethod 544 0x000000000373bb10 code [0x000000000373bc80, 0x000000000373bde8]
Event: 1.379 Thread 0x000000001ee66800  545       3       java.util.regex.Pattern$Ctype::isSatisfiedBy (24 bytes)
Event: 1.379 Thread 0x000000001ee66800 nmethod 545 0x000000000373b490 code [0x000000000373b600, 0x000000000373b990]
Event: 1.379 Thread 0x000000001ee66800  546       3       java.util.regex.ASCII::isType (15 bytes)
Event: 1.379 Thread 0x000000001ee66800 nmethod 546 0x000000000373af90 code [0x000000000373b100, 0x000000000373b370]
Event: 1.380 Thread 0x000000001ee66800  547       3       java.lang.ClassLoader::loadClass (7 bytes)
Event: 1.380 Thread 0x000000001ee66800 nmethod 547 0x000000000373ab50 code [0x000000000373acc0, 0x000000000373aee8]
Event: 1.380 Thread 0x000000001ee66800  548       3       sun.misc.Launcher$AppClassLoader::loadClass (85 bytes)
Event: 1.380 Thread 0x000000001ee04800 nmethod 521 0x0000000003740950 code [0x0000000003740bc0, 0x0000000003741f60]

GC Heap History (0 events):
No events

Deoptimization events (1 events):
Event: 0.128 Thread 0x000000001fd32800 Uncommon trap: reason=unstable_if action=reinterpret pc=0x000000000367d96c method=java.lang.String.indexOf([CII[CIII)I @ 134

Internal exceptions (10 events):
Event: 0.141 Thread 0x000000001fd32800 Exception <a 'java/security/PrivilegedActionException'> (0x000000076b955bd0) thrown at [C:\re\workspace\8-2-build-windows-amd64-cygwin\jdk8u144\9417\hotspot\src\share\vm\prims\jvm.cpp, line 1390]
Event: 0.141 Thread 0x000000001fd32800 Exception <a 'java/security/PrivilegedActionException'> (0x000000076b955de0) thrown at [C:\re\workspace\8-2-build-windows-amd64-cygwin\jdk8u144\9417\hotspot\src\share\vm\prims\jvm.cpp, line 1390]
Event: 0.141 Thread 0x000000001fd32800 Exception <a 'java/security/PrivilegedActionException'> (0x000000076b958fd0) thrown at [C:\re\workspace\8-2-build-windows-amd64-cygwin\jdk8u144\9417\hotspot\src\share\vm\prims\jvm.cpp, line 1390]
Event: 0.141 Thread 0x000000001fd32800 Exception <a 'java/security/PrivilegedActionException'> (0x000000076b9591e0) thrown at [C:\re\workspace\8-2-build-windows-amd64-cygwin\jdk8u144\9417\hotspot\src\share\vm\prims\jvm.cpp, line 1390]
Event: 1.372 Thread 0x000000001fd32800 Exception <a 'sun/nio/fs/WindowsException'> (0x000000076bd18058) thrown at [C:\re\workspace\8-2-build-windows-amd64-cygwin\jdk8u144\9417\hotspot\src\share\vm\prims\jni.cpp, line 709]
Event: 1.373 Thread 0x000000001fd32800 Exception <a 'sun/nio/fs/WindowsException'> (0x000000076bd18878) thrown at [C:\re\workspace\8-2-build-windows-amd64-cygwin\jdk8u144\9417\hotspot\src\share\vm\prims\jni.cpp, line 709]
Event: 1.373 Thread 0x000000001fd32800 Exception <a 'sun/nio/fs/WindowsException'> (0x000000076bd19920) thrown at [C:\re\workspace\8-2-build-windows-amd64-cygwin\jdk8u144\9417\hotspot\src\share\vm\prims\jni.cpp, line 709]
Event: 1.374 Thread 0x000000001fd32800 Exception <a 'sun/nio/fs/WindowsException'> (0x000000076bd1eb70) thrown at [C:\re\workspace\8-2-build-windows-amd64-cygwin\jdk8u144\9417\hotspot\src\share\vm\prims\jni.cpp, line 709]
Event: 1.379 Thread 0x000000001fd32800 Exception <a 'sun/nio/fs/WindowsException'> (0x000000076bd386f8) thrown at [C:\re\workspace\8-2-build-windows-amd64-cygwin\jdk8u144\9417\hotspot\src\share\vm\prims\jni.cpp, line 709]
Event: 1.379 Thread 0x000000001fd32800 Exception <a 'sun/nio/fs/WindowsException'> (0x000000076bd38d00) thrown at [C:\re\workspace\8-2-build-windows-amd64-cygwin\jdk8u144\9417\hotspot\src\share\vm\prims\jni.cpp, line 709]

Events (10 events):
Event: 1.373 loading class java/nio/file/StandardCopyOption
Event: 1.373 loading class java/nio/file/StandardCopyOption done
Event: 1.379 loading class org/lwjgl/opengl/GL$4
Event: 1.379 loading class org/lwjgl/opengl/GL$4 done
Event: 1.380 loading class org/lwjgl/opengl/GL$1
Event: 1.380 loading class org/lwjgl/opengl/GL$1 done
Event: 1.380 loading class org/lwjgl/opengl/GL$SharedLibraryGL
Event: 1.380 loading class org/lwjgl/opengl/GL$SharedLibraryGL done
Event: 1.380 loading class org/lwjgl/system/SharedLibrary$Delegate
Event: 1.380 loading class org/lwjgl/system/SharedLibrary$Delegate done


Dynamic libraries:
0x00007ff704500000 - 0x00007ff704537000 	D:\Java\New folder\bin\javaw.exe
0x00007ffafdef0000 - 0x00007ffafe0cb000 	C:\WINDOWS\SYSTEM32\ntdll.dll
0x00007ffafbd80000 - 0x00007ffafbe2e000 	C:\WINDOWS\System32\KERNEL32.DLL
0x00007ffafa8b0000 - 0x00007ffafaaf9000 	C:\WINDOWS\System32\KERNELBASE.dll
0x00007ffafb580000 - 0x00007ffafb621000 	C:\WINDOWS\System32\ADVAPI32.dll
0x00007ffafd8b0000 - 0x00007ffafd94d000 	C:\WINDOWS\System32\msvcrt.dll
0x00007ffafd950000 - 0x00007ffafd9a9000 	C:\WINDOWS\System32\sechost.dll
0x00007ffafb450000 - 0x00007ffafb575000 	C:\WINDOWS\System32\RPCRT4.dll
0x00007ffafbb20000 - 0x00007ffafbc6a000 	C:\WINDOWS\System32\USER32.dll
0x00007ffafa470000 - 0x00007ffafa48e000 	C:\WINDOWS\System32\win32u.dll
0x00007ffafde30000 - 0x00007ffafde57000 	C:\WINDOWS\System32\GDI32.dll
0x00007ffafa490000 - 0x00007ffafa617000 	C:\WINDOWS\System32\gdi32full.dll
0x00007ffafb3b0000 - 0x00007ffafb44a000 	C:\WINDOWS\System32\msvcp_win.dll
0x00007ffafb2b0000 - 0x00007ffafb3a6000 	C:\WINDOWS\System32\ucrtbase.dll
0x00007ffaec130000 - 0x00007ffaec397000 	C:\WINDOWS\WinSxS\amd64_microsoft.windows.common-controls_6595b64144ccf1df_6.0.15063.483_none_26002d27e7c744a2\COMCTL32.dll
0x00007ffafd9b0000 - 0x00007ffafdca9000 	C:\WINDOWS\System32\combase.dll
0x00007ffafa620000 - 0x00007ffafa68a000 	C:\WINDOWS\System32\bcryptPrimitives.dll
0x00007ffafbe30000 - 0x00007ffafbe5d000 	C:\WINDOWS\System32\IMM32.DLL
0x00000000623d0000 - 0x00000000624a2000 	D:\Java\New folder\bin\msvcr100.dll
0x0000000062680000 - 0x0000000062f1d000 	D:\Java\New folder\bin\server\jvm.dll
0x00007ffafdcb0000 - 0x00007ffafdcb8000 	C:\WINDOWS\System32\PSAPI.DLL
0x00007ffaf75b0000 - 0x00007ffaf75b9000 	C:\WINDOWS\SYSTEM32\WSOCK32.dll
0x00007ffaf5e80000 - 0x00007ffaf5e8a000 	C:\WINDOWS\SYSTEM32\VERSION.dll
0x00007ffaf0ff0000 - 0x00007ffaf1013000 	C:\WINDOWS\SYSTEM32\WINMM.dll
0x00007ffafb630000 - 0x00007ffafb69c000 	C:\WINDOWS\System32\WS2_32.dll
0x00007ffaf0fc0000 - 0x00007ffaf0feb000 	C:\WINDOWS\SYSTEM32\winmmbase.dll
0x00007ffafa690000 - 0x00007ffafa6d9000 	C:\WINDOWS\System32\cfgmgr32.dll
0x0000000062590000 - 0x000000006259f000 	D:\Java\New folder\bin\verify.dll
0x0000000062560000 - 0x0000000062589000 	D:\Java\New folder\bin\java.dll
0x0000000062540000 - 0x0000000062556000 	D:\Java\New folder\bin\zip.dll
0x00007ffafc470000 - 0x00007ffafd8a6000 	C:\WINDOWS\System32\SHELL32.dll
0x00007ffafdcc0000 - 0x00007ffafdd6a000 	C:\WINDOWS\System32\shcore.dll
0x00007ffafab00000 - 0x00007ffafb1f1000 	C:\WINDOWS\System32\windows.storage.dll
0x00007ffafbe60000 - 0x00007ffafbeb1000 	C:\WINDOWS\System32\shlwapi.dll
0x00007ffafa360000 - 0x00007ffafa371000 	C:\WINDOWS\System32\kernel.appcore.dll
0x00007ffafa3a0000 - 0x00007ffafa3ec000 	C:\WINDOWS\System32\powrprof.dll
0x00007ffafa380000 - 0x00007ffafa395000 	C:\WINDOWS\System32\profapi.dll
0x0000000062520000 - 0x000000006253a000 	D:\Java\New folder\bin\net.dll
0x00007ffaf9c70000 - 0x00007ffaf9ccc000 	C:\WINDOWS\system32\mswsock.dll
0x0000000062500000 - 0x0000000062511000 	D:\Java\New folder\bin\nio.dll
0x00007ffae04f0000 - 0x00007ffae0548000 	C:\Users\Johnny\AppData\Local\Temp\lwjglJohnny\3.1.4-SNAPSHOT\lwjgl.dll
0x00007ffaeb9b0000 - 0x00007ffaeb9fd000 	C:\Users\Johnny\AppData\Local\Temp\lwjglJohnny\3.1.4-SNAPSHOT\glfw.dll
0x00007ffaf8c60000 - 0x00007ffaf8cf5000 	C:\WINDOWS\system32\uxtheme.dll
0x00007ffae8710000 - 0x00007ffae8752000 	C:\WINDOWS\SYSTEM32\dinput8.dll
0x00007ffaf7180000 - 0x00007ffaf718e000 	C:\WINDOWS\SYSTEM32\xinput1_4.dll
0x00007ffaf8ec0000 - 0x00007ffaf8ee8000 	C:\WINDOWS\SYSTEM32\DEVOBJ.dll
0x00007ffae8d20000 - 0x00007ffae8d4a000 	C:\WINDOWS\SYSTEM32\dwmapi.dll
0x00007ffafb6a0000 - 0x00007ffafb806000 	C:\WINDOWS\System32\MSCTF.dll
0x00007ffafdd70000 - 0x00007ffafde30000 	C:\WINDOWS\System32\OLEAUT32.dll
0x00007ffad3ee0000 - 0x00007ffad3f2c000 	C:\Program Files\ASUSTeKcomputer.Inc\SS2\UserInterface\x64\SS2OSD.dll
0x00007ffad3f30000 - 0x00007ffad3f67000 	C:\Program Files\ASUSTeKcomputer.Inc\SS2\UserInterface\x64\SS2DevProps.dll
0x00007ffafc300000 - 0x00007ffafc445000 	C:\WINDOWS\System32\ole32.dll
0x00007ffafb810000 - 0x00007ffafb8ae000 	C:\WINDOWS\System32\clbcatq.dll
0x00007ffaf5140000 - 0x00007ffaf51a7000 	C:\WINDOWS\System32\MMDevApi.dll
0x00007ffaf4ec0000 - 0x00007ffaf5056000 	C:\WINDOWS\System32\PROPSYS.dll
0x00007ffaf2900000 - 0x00007ffaf2a05000 	C:\WINDOWS\SYSTEM32\AUDIOSES.DLL
0x00007ffaf7440000 - 0x00007ffaf7579000 	C:\WINDOWS\SYSTEM32\wintypes.dll
0x00007ffaf7100000 - 0x00007ffaf710b000 	C:\WINDOWS\SYSTEM32\AVRT.dll
0x00007ffaf9350000 - 0x00007ffaf935d000 	C:\WINDOWS\SYSTEM32\HID.DLL
0x00007ffafbec0000 - 0x00007ffafc2fb000 	C:\WINDOWS\System32\SETUPAPI.DLL
0x00007ffafa410000 - 0x00007ffafa466000 	C:\WINDOWS\System32\WINTRUST.dll
0x00007ffafa3f0000 - 0x00007ffafa401000 	C:\WINDOWS\System32\MSASN1.dll
0x00007ffafa6e0000 - 0x00007ffafa8a9000 	C:\WINDOWS\System32\CRYPT32.dll
0x00007ffad7ef0000 - 0x00007ffad8011000 	C:\WINDOWS\SYSTEM32\opengl32.dll
0x00007ffaf21f0000 - 0x00007ffaf221c000 	C:\WINDOWS\SYSTEM32\GLU32.dll
0x0000000060100000 - 0x0000000062369000 	C:\WINDOWS\SYSTEM32\nvoglv64.DLL
0x00007ffaf7110000 - 0x00007ffaf7123000 	C:\WINDOWS\SYSTEM32\WTSAPI32.dll
0x00007ffaf9570000 - 0x00007ffaf95a1000 	C:\WINDOWS\SYSTEM32\ntmarta.dll
0x00007ffae9830000 - 0x00007ffae9a0c000 	C:\WINDOWS\system32\nvspcap64.dll
0x00007ffaf44c0000 - 0x00007ffaf4597000 	C:\WINDOWS\SYSTEM32\WINHTTP.dll
0x00007ffae9a40000 - 0x00007ffae9e7f000 	C:\WINDOWS\system32\nvapi64.dll
0x00007ffaf92a0000 - 0x00007ffaf9344000 	C:\WINDOWS\SYSTEM32\dxgi.dll
0x00007ffaf95e0000 - 0x00007ffaf9635000 	C:\WINDOWS\SYSTEM32\WINSTA.dll
0x00007ffad24f0000 - 0x00007ffad2679000 	C:\WINDOWS\SYSTEM32\d3d9.dll
0x00007ffafc450000 - 0x00007ffafc46d000 	C:\WINDOWS\System32\imagehlp.dll
0x00007ffaf9e10000 - 0x00007ffaf9e27000 	C:\WINDOWS\SYSTEM32\CRYPTSP.dll
0x00007ffaf9890000 - 0x00007ffaf98c4000 	C:\WINDOWS\system32\rsaenh.dll
0x00007ffaf9f20000 - 0x00007ffaf9f45000 	C:\WINDOWS\SYSTEM32\bcrypt.dll
0x00007ffaf9e30000 - 0x00007ffaf9e3b000 	C:\WINDOWS\SYSTEM32\CRYPTBASE.dll
0x00007ffaf45b0000 - 0x00007ffaf4632000 	C:\WINDOWS\System32\TextInputFramework.dll
0x00007ffae8090000 - 0x00007ffae8362000 	C:\WINDOWS\System32\CoreUIComponents.dll
0x00007ffaf8450000 - 0x00007ffaf8533000 	C:\WINDOWS\System32\CoreMessaging.dll
0x00007ffaf4200000 - 0x00007ffaf4215000 	C:\WINDOWS\SYSTEM32\usermgrcli.dll
0x00007ffadcc40000 - 0x00007ffadcc9f000 	C:\Users\Johnny\AppData\Local\Temp\lwjglJohnny\3.1.4-SNAPSHOT\lwjgl_opengl.dll
0x00007ffaf54f0000 - 0x00007ffaf5699000 	C:\WINDOWS\SYSTEM32\dbghelp.dll

VM Arguments:
jvm_args: -Dfile.encoding=MS932 
java_command: com.jw.flappy.Main
java_class_path (initial): D:\Eclipse WorkSpace\Flappy\bin;D:\Eclipse WorkSpace\Flappy\LWJGL3 Library\lwjgl-assimp-javadoc.jar;D:\Eclipse WorkSpace\Flappy\LWJGL3 Library\lwjgl-assimp-natives-windows.jar;D:\Eclipse WorkSpace\Flappy\LWJGL3 Library\lwjgl-assimp-sources.jar;D:\Eclipse WorkSpace\Flappy\LWJGL3 Library\lwjgl-assimp.jar;D:\Eclipse WorkSpace\Flappy\LWJGL3 Library\lwjgl-bgfx-javadoc.jar;D:\Eclipse WorkSpace\Flappy\LWJGL3 Library\lwjgl-bgfx-natives-windows.jar;D:\Eclipse WorkSpace\Flappy\LWJGL3 Library\lwjgl-bgfx-sources.jar;D:\Eclipse WorkSpace\Flappy\LWJGL3 Library\lwjgl-bgfx.jar;D:\Eclipse WorkSpace\Flappy\LWJGL3 Library\lwjgl-egl-javadoc.jar;D:\Eclipse WorkSpace\Flappy\LWJGL3 Library\lwjgl-egl-sources.jar;D:\Eclipse WorkSpace\Flappy\LWJGL3 Library\lwjgl-egl.jar;D:\Eclipse WorkSpace\Flappy\LWJGL3 Library\lwjgl-glfw-javadoc.jar;D:\Eclipse WorkSpace\Flappy\LWJGL3 Library\lwjgl-glfw-natives-windows.jar;D:\Eclipse WorkSpace\Flappy\LWJGL3 Library\lwjgl-glfw-sources.jar;D:\Eclipse WorkSpace\Flappy\LWJGL3 Library\lwjgl-glfw.jar;D:\Eclipse WorkSpace\Flappy\LWJGL3 Library\lwjgl-javadoc.jar;D:\Eclipse WorkSpace\Flappy\LWJGL3 Library\lwjgl-jawt-javadoc.jar;D:\Eclipse WorkSpace\Flappy\LWJGL3 Library\lwjgl-jawt-sources.jar;D:\Eclipse WorkSpace\Flappy\LWJGL3 Library\lwjgl-jawt.jar;D:\Eclipse WorkSpace\Flappy\LWJGL3 Library\lwjgl-jemalloc-javadoc.jar;D:\Eclipse WorkSpace\Flappy\LWJGL3 Library\lwjgl-jemalloc-natives-windows.jar;D:\Eclipse WorkSpace\Flappy\LWJGL3 Library\lwjgl-jemalloc-sources.jar;D:\Eclipse WorkSpace\Flappy\LWJGL3 Library\lwjgl-jemalloc.jar;D:\Eclipse WorkSpace\Flappy\LWJGL3 Library\lwjgl-lmdb-javadoc.jar;D:\Eclipse WorkSpace\Flappy\LWJGL3 Library\lwjgl-lmdb-natives-windows.jar;D:\Eclipse WorkSpace\Flappy\LWJGL3 Library\lwjgl-lmdb-sources.jar;D:\Eclipse WorkSpace\Flappy\LWJGL3 Library\lwjgl-lmdb.jar;D:\Eclipse WorkSpace\Flappy\LWJGL3 Library\lwjgl-nanovg-javadoc.jar;D:\Eclipse WorkSpace\Flappy\LWJGL3 Library\lwjgl-nanovg-natives-windows.jar;D:\Eclipse Wo
Launcher Type: SUN_STANDARD

Environment Variables:
PATH=D:/Java/New folder/bin/server;D:/Java/New folder/bin;D:/Java/New folder/lib/amd64;C:\ProgramData\Oracle\Java\javapath;C:\Program Files (x86)\Razer Chroma SDK\bin;C:\Program Files\Razer Chroma SDK\bin;C:\Program Files (x86)\Intel\iCLS Client\;C:\Program Files\Intel\iCLS Client\;C:\Windows\system32;C:\Windows;C:\Windows\System32\Wbem;C:\Windows\System32\WindowsPowerShell\v1.0\;C:\Program Files (x86)\NVIDIA Corporation\PhysX\Common;C:\Program Files (x86)\Intel\Intel(R) Management Engine Components\DAL;C:\Program Files\Intel\Intel(R) Management Engine Components\DAL;C:\Program Files (x86)\Intel\Intel(R) Management Engine Components\IPT;C:\Program Files\Intel\Intel(R) Management Engine Components\IPT;C:\WINDOWS\system32;C:\WINDOWS;C:\WINDOWS\System32\Wbem;C:\WINDOWS\System32\WindowsPowerShell\v1.0\;C:\Program Files (x86)\Skype\Phone\;C:\Program Files (x86)\GtkSharp\2.12\bin;C:\Users\Johnny\AppData\Local\Microsoft\WindowsApps;;D:\Eclipse\eclipse;
USERNAME=Johnny
OS=Windows_NT
PROCESSOR_IDENTIFIER=Intel64 Family 6 Model 94 Stepping 3, GenuineIntel



---------------  S Y S T E M  ---------------

OS: Windows 10.0 , 64 bit Build 15063 (10.0.15063.296)

CPU:total 8 (initial active 8) (4 cores per cpu, 2 threads per core) family 6 model 94 stepping 3, cmov, cx8, fxsr, mmx, sse, sse2, sse3, ssse3, sse4.1, sse4.2, popcnt, avx, avx2, aes, clmul, erms, rtm, 3dnowpref, lzcnt, ht, tsc, tscinvbit, bmi1, bmi2, adx

Memory: 4k page, physical 16697316k(10673824k free), swap 19187684k(9408224k free)

vm_info: Java HotSpot(TM) 64-Bit Server VM (25.144-b01) for windows-amd64 JRE (1.8.0_144-b01), built on Jul 21 2017 21:57:33 by "java_re" with MS VC++ 10.0 (VS2010)

time: Sun Oct 15 18:46:41 2017
elapsed time: 1 seconds (0d 0h 0m 1s)

