#
# A fatal error has been detected by the Java Runtime Environment:
#
#  EXCEPTION_ACCESS_VIOLATION (0xc0000005) at pc=0x00007ffadcc4ea49, pid=980, tid=0x000000000000443c
#
# JRE version: Java(TM) SE Runtime Environment (8.0_144-b01) (build 1.8.0_144-b01)
# Java VM: Java HotSpot(TM) 64-Bit Server VM (25.144-b01 mixed mode windows-amd64 compressed oops)
# Problematic frame:
# C  [lwjgl_opengl.dll+0xea49]
#
# Failed to write core dump. Minidumps are not enabled by default on client versions of Windows
#
# If you would like to submit a bug report, please visit:
#   http://bugreport.java.com/bugreport/crash.jsp
# The crash happened outside the Java Virtual Machine in native code.
# See problematic frame for where to report the bug.
#

---------------  T H R E A D  ---------------

Current thread (0x000000001f69e800):  JavaThread "Game" [_thread_in_native, id=17468, stack(0x000000001fcc0000,0x000000001fdc0000)]

siginfo: ExceptionCode=0xc0000005, reading address 0x00000000000003b0

Registers:
RAX=0x0000000062e21d50, RBX=0x000000001c2cea38, RCX=0x0000000000000000, RDX=0x000000001fdbf0d8
RSP=0x000000001fdbf038, RBP=0x000000001fdbf0c8, RSI=0x0000000000001360, RDI=0x0000000002d6835d
R8 =0x0000000000000006, R9 =0x000000001e8ec050, R10=0x0000000002d77f48, R11=0x00000000628abc50
R12=0x0000000000000000, R13=0x000000001c2cea30, R14=0x000000001fdbf100, R15=0x000000001f69e800
RIP=0x00007ffadcc4ea49, EFLAGS=0x0000000000010202

Top of Stack: (sp=0x000000001fdbf038)
0x000000001fdbf038:   0000000002d77f74 0000000000001360
0x000000001fdbf048:   0000000002d6835d 0000000002d6835d
0x000000001fdbf058:   0000000002d77ceb 000000003f800000
0x000000001fdbf068:   000000003f800000 0000000000001360
0x000000001fdbf078:   000000001f69e800 0000000002d77ca2
0x000000001fdbf088:   000000001fdbf088 000000001c2cea30
0x000000001fdbf098:   000000001fdbf100 000000001c2f87d0
0x000000001fdbf0a8:   0000000000000000 000000001c2cea38
0x000000001fdbf0b8:   0000000000000000 000000001fdbf0e8
0x000000001fdbf0c8:   000000001fdbf148 0000000002d6835d
0x000000001fdbf0d8:   000000076bcedc20 0000000002d719d8
0x000000001fdbf0e8:   00007ffa3f800000 000000003f800000
0x000000001fdbf0f8:   000000003f800000 000000073f800000
0x000000001fdbf108:   000000001fdbf108 000000001c1e0957
0x000000001fdbf118:   000000001fdbf160 000000001c1e2028
0x000000001fdbf128:   0000000000000000 000000001c1e09a8 

Instructions: (pc=0x00007ffadcc4ea49)
0x00007ffadcc4ea29:   48 ff a1 78 03 00 00 48 8b 01 0f 28 cb f3 0f 10
0x00007ffadcc4ea39:   5c 24 30 0f 28 c2 f3 0f 10 54 24 28 48 8b 48 18
0x00007ffadcc4ea49:   48 ff a1 b0 03 00 00 48 8b 01 0f 28 c2 48 8b 48
0x00007ffadcc4ea59:   18 48 ff a1 c8 03 00 00 cc cc cc cc cc cc cc cc 


Register to memory mapping:

RAX=0x0000000062e21d50 is an unknown value
RBX={method} {0x000000001c2cea40} 'glClearColor' '(FFFF)V' in 'org/lwjgl/opengl/GL11'
RCX=0x0000000000000000 is an unknown value
RDX=0x000000001fdbf0d8 is pointing into the stack for thread: 0x000000001f69e800
RSP=0x000000001fdbf038 is pointing into the stack for thread: 0x000000001f69e800
RBP=0x000000001fdbf0c8 is pointing into the stack for thread: 0x000000001f69e800
RSI=0x0000000000001360 is an unknown value
RDI=0x0000000002d6835d is at code_begin+2301 in an Interpreter codelet
invoke return entry points  [0x0000000002d67a60, 0x0000000002d68440]  2528 bytes
R8 =0x0000000000000006 is an unknown value
R9 =0x000000001e8ec050 is an unknown value
R10=0x0000000002d77f48 is at code_begin+840 in an Interpreter codelet
method entry point (kind = native)  [0x0000000002d77c00, 0x0000000002d78560]  2400 bytes
R11=0x00000000628abc50 is an unknown value
R12=0x0000000000000000 is an unknown value
R13=0x000000001c2cea30 is pointing into metadata
R14=0x000000001fdbf100 is pointing into the stack for thread: 0x000000001f69e800
R15=0x000000001f69e800 is a thread


Stack: [0x000000001fcc0000,0x000000001fdc0000],  sp=0x000000001fdbf038,  free space=1020k
Native frames: (J=compiled Java code, j=interpreted, Vv=VM code, C=native code)
C  [lwjgl_opengl.dll+0xea49]

Java frames: (J=compiled Java code, j=interpreted, Vv=VM code)
j  org.lwjgl.opengl.GL11.glClearColor(FFFF)V+0
j  com.jw.flappy.Main.init()V+111
j  com.jw.flappy.Main.run()V+1
j  java.lang.Thread.run()V+11
v  ~StubRoutines::call_stub

---------------  P R O C E S S  ---------------

Java Threads: ( => current thread )
  0x0000000002c63800 JavaThread "DestroyJavaVM" [_thread_blocked, id=6776, stack(0x0000000002750000,0x0000000002850000)]
=>0x000000001f69e800 JavaThread "Game" [_thread_in_native, id=17468, stack(0x000000001fcc0000,0x000000001fdc0000)]
  0x000000001e7f7000 JavaThread "Service Thread" daemon [_thread_blocked, id=19380, stack(0x000000001f2c0000,0x000000001f3c0000)]
  0x000000001e76a000 JavaThread "C1 CompilerThread3" daemon [_thread_blocked, id=16468, stack(0x000000001f1c0000,0x000000001f2c0000)]
  0x000000001e759000 JavaThread "C2 CompilerThread2" daemon [_thread_blocked, id=6252, stack(0x000000001f0c0000,0x000000001f1c0000)]
  0x000000001e706800 JavaThread "C2 CompilerThread1" daemon [_thread_blocked, id=7192, stack(0x000000001efc0000,0x000000001f0c0000)]
  0x000000001e703800 JavaThread "C2 CompilerThread0" daemon [_thread_blocked, id=20140, stack(0x000000001eec0000,0x000000001efc0000)]
  0x000000001e701800 JavaThread "Attach Listener" daemon [_thread_blocked, id=15836, stack(0x000000001edc0000,0x000000001eec0000)]
  0x000000001e756800 JavaThread "Signal Dispatcher" daemon [_thread_blocked, id=6888, stack(0x000000001ecc0000,0x000000001edc0000)]
  0x000000001e6f0800 JavaThread "Finalizer" daemon [_thread_blocked, id=18076, stack(0x000000001ead0000,0x000000001ebd0000)]
  0x000000001c7cd800 JavaThread "Reference Handler" daemon [_thread_blocked, id=11524, stack(0x000000001e5d0000,0x000000001e6d0000)]

Other Threads:
  0x000000001c7c8800 VMThread [stack: 0x000000001e4d0000,0x000000001e5d0000] [id=4872]
  0x000000001e870800 WatcherThread [stack: 0x000000001f3c0000,0x000000001f4c0000] [id=19272]

VM state:not at safepoint (normal execution)

VM Mutex/Monitor currently owned by a thread: None

Heap:
 PSYoungGen      total 76288K, used 13195K [0x000000076b100000, 0x0000000770600000, 0x00000007c0000000)
  eden space 65536K, 20% used [0x000000076b100000,0x000000076bde2f18,0x000000076f100000)
  from space 10752K, 0% used [0x000000076fb80000,0x000000076fb80000,0x0000000770600000)
  to   space 10752K, 0% used [0x000000076f100000,0x000000076f100000,0x000000076fb80000)
 ParOldGen       total 175104K, used 0K [0x00000006c1200000, 0x00000006cbd00000, 0x000000076b100000)
  object space 175104K, 0% used [0x00000006c1200000,0x00000006c1200000,0x00000006cbd00000)
 Metaspace       used 5799K, capacity 6038K, committed 6144K, reserved 1056768K
  class space    used 616K, capacity 705K, committed 768K, reserved 1048576K

Card table byte_map: [0x0000000012120000,0x0000000012920000] byte_map_base: 0x000000000eb17000

Marking Bits: (ParMarkBitMap*) 0x0000000062e9d850
 Begin Bits: [0x0000000013670000, 0x0000000017628000)
 End Bits:   [0x0000000017628000, 0x000000001b5e0000)

Polling page: 0x0000000000e90000

CodeCache: size=245760Kb used=2684Kb max_used=2699Kb free=243075Kb
 bounds [0x0000000002d60000, 0x0000000003010000, 0x0000000011d60000]
 total_blobs=1246 nmethods=538 adapters=621
 compilation: enabled

Compilation events (10 events):
Event: 1.394 Thread 0x000000001e76a000  534  s    3       java.util.Vector::elementAt (48 bytes)
Event: 1.394 Thread 0x000000001e76a000 nmethod 534 0x0000000002ff2b50 code [0x0000000002ff2d60, 0x0000000002ff38e8]
Event: 1.394 Thread 0x000000001e76a000  536       3       sun.misc.URLClassPath::access$100 (7 bytes)
Event: 1.394 Thread 0x000000001e76a000 nmethod 536 0x0000000002ff2790 code [0x0000000002ff2900, 0x0000000002ff2a68]
Event: 1.394 Thread 0x000000001e76a000  535       1       java.util.Formatter$Flags::valueOf (5 bytes)
Event: 1.394 Thread 0x000000001e76a000 nmethod 535 0x0000000002ff24d0 code [0x0000000002ff2620, 0x0000000002ff2730]
Event: 1.395 Thread 0x000000001e703800 nmethod 516 0x0000000002ff8f10 code [0x0000000002ff9140, 0x0000000002ffa0b0]
Event: 1.395 Thread 0x000000001e76a000  537       3       java.net.URL::<init> (8 bytes)
Event: 1.396 Thread 0x000000001e76a000 nmethod 537 0x0000000002ff2150 code [0x0000000002ff22c0, 0x0000000002ff2448]
Event: 1.396 Thread 0x000000001e76a000  538   !   3       java.net.URL::<init> (543 bytes)

GC Heap History (0 events):
No events

Deoptimization events (1 events):
Event: 0.137 Thread 0x000000001f69e800 Uncommon trap: reason=unstable_if action=reinterpret pc=0x0000000002f2996c method=java.lang.String.indexOf([CII[CIII)I @ 134

Internal exceptions (10 events):
Event: 0.020 Thread 0x0000000002c63800 Exception <a 'java/lang/NoSuchMethodError': Method sun.misc.Unsafe.prefetchRead(Ljava/lang/Object;J)V name or signature does not match> (0x000000076b107f90) thrown at [C:\re\workspace\8-2-build-windows-amd64-cygwin\jdk8u144\9417\hotspot\src\share\vm\prims
Event: 0.113 Thread 0x000000001f69e800 Exception <a 'java/lang/NoSuchMethodError': java.lang.Object.lambda$static$0(Ljava/lang/String;)Ljava/lang/Boolean;> (0x000000076b726810) thrown at [C:\re\workspace\8-2-build-windows-amd64-cygwin\jdk8u144\9417\hotspot\src\share\vm\interpreter\linkResolver
Event: 0.120 Thread 0x000000001f69e800 Exception <a 'java/lang/NoSuchFieldError': method resolution failed> (0x000000076b79e6f8) thrown at [C:\re\workspace\8-2-build-windows-amd64-cygwin\jdk8u144\9417\hotspot\src\share\vm\prims\methodHandles.cpp, line 1146]
Event: 0.121 Thread 0x000000001f69e800 Exception <a 'java/lang/NoSuchFieldError': method resolution failed> (0x000000076b7aba98) thrown at [C:\re\workspace\8-2-build-windows-amd64-cygwin\jdk8u144\9417\hotspot\src\share\vm\prims\methodHandles.cpp, line 1146]
Event: 0.151 Thread 0x000000001f69e800 Exception <a 'java/security/PrivilegedActionException'> (0x000000076b955f18) thrown at [C:\re\workspace\8-2-build-windows-amd64-cygwin\jdk8u144\9417\hotspot\src\share\vm\prims\jvm.cpp, line 1390]
Event: 0.151 Thread 0x000000001f69e800 Exception <a 'java/security/PrivilegedActionException'> (0x000000076b956128) thrown at [C:\re\workspace\8-2-build-windows-amd64-cygwin\jdk8u144\9417\hotspot\src\share\vm\prims\jvm.cpp, line 1390]
Event: 0.152 Thread 0x000000001f69e800 Exception <a 'java/security/PrivilegedActionException'> (0x000000076b959318) thrown at [C:\re\workspace\8-2-build-windows-amd64-cygwin\jdk8u144\9417\hotspot\src\share\vm\prims\jvm.cpp, line 1390]
Event: 0.152 Thread 0x000000001f69e800 Exception <a 'java/security/PrivilegedActionException'> (0x000000076b959528) thrown at [C:\re\workspace\8-2-build-windows-amd64-cygwin\jdk8u144\9417\hotspot\src\share\vm\prims\jvm.cpp, line 1390]
Event: 1.395 Thread 0x000000001f69e800 Exception <a 'sun/nio/fs/WindowsException'> (0x000000076bd38400) thrown at [C:\re\workspace\8-2-build-windows-amd64-cygwin\jdk8u144\9417\hotspot\src\share\vm\prims\jni.cpp, line 709]
Event: 1.395 Thread 0x000000001f69e800 Exception <a 'sun/nio/fs/WindowsException'> (0x000000076bd38bf8) thrown at [C:\re\workspace\8-2-build-windows-amd64-cygwin\jdk8u144\9417\hotspot\src\share\vm\prims\jni.cpp, line 709]

Events (10 events):
Event: 1.395 loading class java/nio/file/NoSuchFileException
Event: 1.395 loading class java/nio/file/FileSystemException
Event: 1.395 loading class java/nio/file/FileSystemException done
Event: 1.395 loading class java/nio/file/NoSuchFileException done
Event: 1.395 loading class org/lwjgl/opengl/GL$1
Event: 1.395 loading class org/lwjgl/opengl/GL$1 done
Event: 1.396 loading class org/lwjgl/opengl/GL$SharedLibraryGL
Event: 1.396 loading class org/lwjgl/opengl/GL$SharedLibraryGL done
Event: 1.396 loading class org/lwjgl/system/SharedLibrary$Delegate
Event: 1.396 loading class org/lwjgl/system/SharedLibrary$Delegate done


Dynamic libraries:
0x00007ff704500000 - 0x00007ff704537000 	D:\Java\New folder\bin\javaw.exe
0x00007ffafdef0000 - 0x00007ffafe0cb000 	C:\WINDOWS\SYSTEM32\ntdll.dll
0x00007ffafbd80000 - 0x00007ffafbe2e000 	C:\WINDOWS\System32\KERNEL32.DLL
0x00007ffafa8b0000 - 0x00007ffafaaf9000 	C:\WINDOWS\System32\KERNELBASE.dll
0x00007ffafb580000 - 0x00007ffafb621000 	C:\WINDOWS\System32\ADVAPI32.dll
0x00007ffafd8b0000 - 0x00007ffafd94d000 	C:\WINDOWS\System32\msvcrt.dll
0x00007ffafd950000 - 0x00007ffafd9a9000 	C:\WINDOWS\System32\sechost.dll
0x00007ffafb450000 - 0x00007ffafb575000 	C:\WINDOWS\System32\RPCRT4.dll
0x00007ffafbb20000 - 0x00007ffafbc6a000 	C:\WINDOWS\System32\USER32.dll
0x00007ffafa470000 - 0x00007ffafa48e000 	C:\WINDOWS\System32\win32u.dll
0x00007ffafde30000 - 0x00007ffafde57000 	C:\WINDOWS\System32\GDI32.dll
0x00007ffafa490000 - 0x00007ffafa617000 	C:\WINDOWS\System32\gdi32full.dll
0x00007ffafb3b0000 - 0x00007ffafb44a000 	C:\WINDOWS\System32\msvcp_win.dll
0x00007ffafb2b0000 - 0x00007ffafb3a6000 	C:\WINDOWS\System32\ucrtbase.dll
0x00007ffaec130000 - 0x00007ffaec397000 	C:\WINDOWS\WinSxS\amd64_microsoft.windows.common-controls_6595b64144ccf1df_6.0.15063.483_none_26002d27e7c744a2\COMCTL32.dll
0x00007ffafd9b0000 - 0x00007ffafdca9000 	C:\WINDOWS\System32\combase.dll
0x00007ffafa620000 - 0x00007ffafa68a000 	C:\WINDOWS\System32\bcryptPrimitives.dll
0x00007ffafbe30000 - 0x00007ffafbe5d000 	C:\WINDOWS\System32\IMM32.DLL
0x00000000623d0000 - 0x00000000624a2000 	D:\Java\New folder\bin\msvcr100.dll
0x0000000062680000 - 0x0000000062f1d000 	D:\Java\New folder\bin\server\jvm.dll
0x00007ffafdcb0000 - 0x00007ffafdcb8000 	C:\WINDOWS\System32\PSAPI.DLL
0x00007ffaf5e80000 - 0x00007ffaf5e8a000 	C:\WINDOWS\SYSTEM32\VERSION.dll
0x00007ffaf0ff0000 - 0x00007ffaf1013000 	C:\WINDOWS\SYSTEM32\WINMM.dll
0x00007ffaf75b0000 - 0x00007ffaf75b9000 	C:\WINDOWS\SYSTEM32\WSOCK32.dll
0x00007ffafb630000 - 0x00007ffafb69c000 	C:\WINDOWS\System32\WS2_32.dll
0x00007ffaf0fc0000 - 0x00007ffaf0feb000 	C:\WINDOWS\SYSTEM32\WINMMBASE.dll
0x00007ffafa690000 - 0x00007ffafa6d9000 	C:\WINDOWS\System32\cfgmgr32.dll
0x0000000062590000 - 0x000000006259f000 	D:\Java\New folder\bin\verify.dll
0x0000000062560000 - 0x0000000062589000 	D:\Java\New folder\bin\java.dll
0x0000000062540000 - 0x0000000062556000 	D:\Java\New folder\bin\zip.dll
0x00007ffafc470000 - 0x00007ffafd8a6000 	C:\WINDOWS\System32\SHELL32.dll
0x00007ffafdcc0000 - 0x00007ffafdd6a000 	C:\WINDOWS\System32\shcore.dll
0x00007ffafab00000 - 0x00007ffafb1f1000 	C:\WINDOWS\System32\windows.storage.dll
0x00007ffafbe60000 - 0x00007ffafbeb1000 	C:\WINDOWS\System32\shlwapi.dll
0x00007ffafa360000 - 0x00007ffafa371000 	C:\WINDOWS\System32\kernel.appcore.dll
0x00007ffafa3a0000 - 0x00007ffafa3ec000 	C:\WINDOWS\System32\powrprof.dll
0x00007ffafa380000 - 0x00007ffafa395000 	C:\WINDOWS\System32\profapi.dll
0x0000000062520000 - 0x000000006253a000 	D:\Java\New folder\bin\net.dll
0x00007ffaf9c70000 - 0x00007ffaf9ccc000 	C:\WINDOWS\system32\mswsock.dll
0x0000000062500000 - 0x0000000062511000 	D:\Java\New folder\bin\nio.dll
0x00007ffae04f0000 - 0x00007ffae0548000 	C:\Users\Johnny\AppData\Local\Temp\lwjglJohnny\3.1.4-SNAPSHOT\lwjgl.dll
0x00007ffaeb9b0000 - 0x00007ffaeb9fd000 	C:\Users\Johnny\AppData\Local\Temp\lwjglJohnny\3.1.4-SNAPSHOT\glfw.dll
0x00007ffaf8c60000 - 0x00007ffaf8cf5000 	C:\WINDOWS\system32\uxtheme.dll
0x00007ffae8710000 - 0x00007ffae8752000 	C:\WINDOWS\SYSTEM32\dinput8.dll
0x00007ffaf75a0000 - 0x00007ffaf75ae000 	C:\WINDOWS\SYSTEM32\xinput1_4.dll
0x00007ffaf8ec0000 - 0x00007ffaf8ee8000 	C:\WINDOWS\SYSTEM32\DEVOBJ.dll
0x00007ffae8d20000 - 0x00007ffae8d4a000 	C:\WINDOWS\SYSTEM32\dwmapi.dll
0x00007ffafb6a0000 - 0x00007ffafb806000 	C:\WINDOWS\System32\MSCTF.dll
0x00007ffafdd70000 - 0x00007ffafde30000 	C:\WINDOWS\System32\OLEAUT32.dll
0x00007ffad3ee0000 - 0x00007ffad3f2c000 	C:\Program Files\ASUSTeKcomputer.Inc\SS2\UserInterface\x64\SS2OSD.dll
0x00007ffad3f30000 - 0x00007ffad3f67000 	C:\Program Files\ASUSTeKcomputer.Inc\SS2\UserInterface\x64\SS2DevProps.dll
0x00007ffafc300000 - 0x00007ffafc445000 	C:\WINDOWS\System32\ole32.dll
0x00007ffafb810000 - 0x00007ffafb8ae000 	C:\WINDOWS\System32\clbcatq.dll
0x00007ffaf5140000 - 0x00007ffaf51a7000 	C:\WINDOWS\System32\MMDevApi.dll
0x00007ffaf4ec0000 - 0x00007ffaf5056000 	C:\WINDOWS\System32\PROPSYS.dll
0x00007ffaf2900000 - 0x00007ffaf2a05000 	C:\WINDOWS\SYSTEM32\AUDIOSES.DLL
0x00007ffaf7440000 - 0x00007ffaf7579000 	C:\WINDOWS\SYSTEM32\wintypes.dll
0x00007ffaf7100000 - 0x00007ffaf710b000 	C:\WINDOWS\SYSTEM32\AVRT.dll
0x00007ffaf9350000 - 0x00007ffaf935d000 	C:\WINDOWS\SYSTEM32\HID.DLL
0x00007ffafbec0000 - 0x00007ffafc2fb000 	C:\WINDOWS\System32\SETUPAPI.DLL
0x00007ffafa410000 - 0x00007ffafa466000 	C:\WINDOWS\System32\WINTRUST.dll
0x00007ffafa3f0000 - 0x00007ffafa401000 	C:\WINDOWS\System32\MSASN1.dll
0x00007ffafa6e0000 - 0x00007ffafa8a9000 	C:\WINDOWS\System32\CRYPT32.dll
0x00007ffad7ef0000 - 0x00007ffad8011000 	C:\WINDOWS\SYSTEM32\opengl32.dll
0x00007ffaf3570000 - 0x00007ffaf359c000 	C:\WINDOWS\SYSTEM32\GLU32.dll
0x0000000060100000 - 0x0000000062369000 	C:\WINDOWS\SYSTEM32\nvoglv64.DLL
0x00007ffaf7110000 - 0x00007ffaf7123000 	C:\WINDOWS\SYSTEM32\WTSAPI32.dll
0x00007ffaf9570000 - 0x00007ffaf95a1000 	C:\WINDOWS\SYSTEM32\ntmarta.dll
0x00007ffae9830000 - 0x00007ffae9a0c000 	C:\WINDOWS\system32\nvspcap64.dll
0x00007ffaf44c0000 - 0x00007ffaf4597000 	C:\WINDOWS\SYSTEM32\WINHTTP.dll
0x00007ffae9a40000 - 0x00007ffae9e7f000 	C:\WINDOWS\system32\nvapi64.dll
0x00007ffaf92a0000 - 0x00007ffaf9344000 	C:\WINDOWS\SYSTEM32\dxgi.dll
0x00007ffaf95e0000 - 0x00007ffaf9635000 	C:\WINDOWS\SYSTEM32\WINSTA.dll
0x00007ffad24f0000 - 0x00007ffad2679000 	C:\WINDOWS\SYSTEM32\d3d9.dll
0x00007ffafc450000 - 0x00007ffafc46d000 	C:\WINDOWS\System32\imagehlp.dll
0x00007ffaf9e10000 - 0x00007ffaf9e27000 	C:\WINDOWS\SYSTEM32\CRYPTSP.dll
0x00007ffaf9890000 - 0x00007ffaf98c4000 	C:\WINDOWS\system32\rsaenh.dll
0x00007ffaf9f20000 - 0x00007ffaf9f45000 	C:\WINDOWS\SYSTEM32\bcrypt.dll
0x00007ffaf9e30000 - 0x00007ffaf9e3b000 	C:\WINDOWS\SYSTEM32\CRYPTBASE.dll
0x00007ffaf45b0000 - 0x00007ffaf4632000 	C:\WINDOWS\System32\TextInputFramework.dll
0x00007ffae8090000 - 0x00007ffae8362000 	C:\WINDOWS\System32\CoreUIComponents.dll
0x00007ffaf8450000 - 0x00007ffaf8533000 	C:\WINDOWS\System32\CoreMessaging.dll
0x00007ffaf4200000 - 0x00007ffaf4215000 	C:\WINDOWS\SYSTEM32\usermgrcli.dll
0x00007ffadcc40000 - 0x00007ffadcc9f000 	C:\Users\Johnny\AppData\Local\Temp\lwjglJohnny\3.1.4-SNAPSHOT\lwjgl_opengl.dll
0x00007ffaf54f0000 - 0x00007ffaf5699000 	C:\WINDOWS\SYSTEM32\dbghelp.dll

VM Arguments:
jvm_args: -Dfile.encoding=MS932 
java_command: com.jw.flappy.Main
java_class_path (initial): D:\Eclipse WorkSpace\Flappy\bin;D:\Eclipse WorkSpace\Flappy\LWJGL3 Library\lwjgl-assimp-javadoc.jar;D:\Eclipse WorkSpace\Flappy\LWJGL3 Library\lwjgl-assimp-natives-windows.jar;D:\Eclipse WorkSpace\Flappy\LWJGL3 Library\lwjgl-assimp-sources.jar;D:\Eclipse WorkSpace\Flappy\LWJGL3 Library\lwjgl-assimp.jar;D:\Eclipse WorkSpace\Flappy\LWJGL3 Library\lwjgl-bgfx-javadoc.jar;D:\Eclipse WorkSpace\Flappy\LWJGL3 Library\lwjgl-bgfx-natives-windows.jar;D:\Eclipse WorkSpace\Flappy\LWJGL3 Library\lwjgl-bgfx-sources.jar;D:\Eclipse WorkSpace\Flappy\LWJGL3 Library\lwjgl-bgfx.jar;D:\Eclipse WorkSpace\Flappy\LWJGL3 Library\lwjgl-egl-javadoc.jar;D:\Eclipse WorkSpace\Flappy\LWJGL3 Library\lwjgl-egl-sources.jar;D:\Eclipse WorkSpace\Flappy\LWJGL3 Library\lwjgl-egl.jar;D:\Eclipse WorkSpace\Flappy\LWJGL3 Library\lwjgl-glfw-javadoc.jar;D:\Eclipse WorkSpace\Flappy\LWJGL3 Library\lwjgl-glfw-natives-windows.jar;D:\Eclipse WorkSpace\Flappy\LWJGL3 Library\lwjgl-glfw-sources.jar;D:\Eclipse WorkSpace\Flappy\LWJGL3 Library\lwjgl-glfw.jar;D:\Eclipse WorkSpace\Flappy\LWJGL3 Library\lwjgl-javadoc.jar;D:\Eclipse WorkSpace\Flappy\LWJGL3 Library\lwjgl-jawt-javadoc.jar;D:\Eclipse WorkSpace\Flappy\LWJGL3 Library\lwjgl-jawt-sources.jar;D:\Eclipse WorkSpace\Flappy\LWJGL3 Library\lwjgl-jawt.jar;D:\Eclipse WorkSpace\Flappy\LWJGL3 Library\lwjgl-jemalloc-javadoc.jar;D:\Eclipse WorkSpace\Flappy\LWJGL3 Library\lwjgl-jemalloc-natives-windows.jar;D:\Eclipse WorkSpace\Flappy\LWJGL3 Library\lwjgl-jemalloc-sources.jar;D:\Eclipse WorkSpace\Flappy\LWJGL3 Library\lwjgl-jemalloc.jar;D:\Eclipse WorkSpace\Flappy\LWJGL3 Library\lwjgl-lmdb-javadoc.jar;D:\Eclipse WorkSpace\Flappy\LWJGL3 Library\lwjgl-lmdb-natives-windows.jar;D:\Eclipse WorkSpace\Flappy\LWJGL3 Library\lwjgl-lmdb-sources.jar;D:\Eclipse WorkSpace\Flappy\LWJGL3 Library\lwjgl-lmdb.jar;D:\Eclipse WorkSpace\Flappy\LWJGL3 Library\lwjgl-nanovg-javadoc.jar;D:\Eclipse WorkSpace\Flappy\LWJGL3 Library\lwjgl-nanovg-natives-windows.jar;D:\Eclipse Wo
Launcher Type: SUN_STANDARD

Environment Variables:
PATH=D:/Java/New folder/bin/server;D:/Java/New folder/bin;D:/Java/New folder/lib/amd64;C:\ProgramData\Oracle\Java\javapath;C:\Program Files (x86)\Razer Chroma SDK\bin;C:\Program Files\Razer Chroma SDK\bin;C:\Program Files (x86)\Intel\iCLS Client\;C:\Program Files\Intel\iCLS Client\;C:\Windows\system32;C:\Windows;C:\Windows\System32\Wbem;C:\Windows\System32\WindowsPowerShell\v1.0\;C:\Program Files (x86)\NVIDIA Corporation\PhysX\Common;C:\Program Files (x86)\Intel\Intel(R) Management Engine Components\DAL;C:\Program Files\Intel\Intel(R) Management Engine Components\DAL;C:\Program Files (x86)\Intel\Intel(R) Management Engine Components\IPT;C:\Program Files\Intel\Intel(R) Management Engine Components\IPT;C:\WINDOWS\system32;C:\WINDOWS;C:\WINDOWS\System32\Wbem;C:\WINDOWS\System32\WindowsPowerShell\v1.0\;C:\Program Files (x86)\Skype\Phone\;C:\Program Files (x86)\GtkSharp\2.12\bin;C:\Users\Johnny\AppData\Local\Microsoft\WindowsApps;;D:\Eclipse\eclipse;
USERNAME=Johnny
OS=Windows_NT
PROCESSOR_IDENTIFIER=Intel64 Family 6 Model 94 Stepping 3, GenuineIntel



---------------  S Y S T E M  ---------------

OS: Windows 10.0 , 64 bit Build 15063 (10.0.15063.296)

CPU:total 8 (initial active 8) (4 cores per cpu, 2 threads per core) family 6 model 94 stepping 3, cmov, cx8, fxsr, mmx, sse, sse2, sse3, ssse3, sse4.1, sse4.2, popcnt, avx, avx2, aes, clmul, erms, rtm, 3dnowpref, lzcnt, ht, tsc, tscinvbit, bmi1, bmi2, adx

Memory: 4k page, physical 16697316k(10613104k free), swap 19187684k(8920940k free)

vm_info: Java HotSpot(TM) 64-Bit Server VM (25.144-b01) for windows-amd64 JRE (1.8.0_144-b01), built on Jul 21 2017 21:57:33 by "java_re" with MS VC++ 10.0 (VS2010)

time: Sun Oct 15 18:47:12 2017
elapsed time: 1 seconds (0d 0h 0m 1s)

